Reading menu text...
ocr tok=nirvana
ocr tok=MONDAY 07-11-2016
ocr tok=KIRVANAM KAMIYAaD
ocr tok=ム神谷町店
ocr tok=チキンガリクロスト1ケララチキンカレー
ocr tok=ラツマカ
ocr tok=ベジタべしマカンワラ
ocr tok=ケララポ09
ocr tok=ライスワダ&サンバル
ocr tok=スージハル7(デザート)
ocr tok=Chicken Garlic Roast
ocr tok=Kerala Chicken Curry
ocr tok=Rajma Curry
ocr tok=Vegetable Makhanwala
ocr tok=Kerala Porotta
ocr tok=Flavoured rice
ocr tok=Vada & Sambar
ocr tok=Sooji Halwa(as Dessert)
ocr tok=このメニューを
ocr tok=NIRVANAM TORANOMON
ocr tok=お客様の
ocr tok=A虎ノ門店
ocr tok=フェイスブックに
ocr tok=ベジタベルマカンワラ。アンドラチキンドライ
ocr tok=シェアしてから
ocr tok=店員に見せると
ocr tok=チェティナドチキンカレー
ocr tok=ラッマカレー
ocr tok=無料なラッシーを
ocr tok=ケララポ09
ocr tok=ライスワダ&サンバル。
ocr tok=サービスします
ocr tok=スージun(デザート)
ocr tok=Vegetable Makhanwal
ocr tok=Andhra Chicken Dry
ocr tok=Chettinad Chicken Curry
ocr tok=Rajma Curry
ocr tok=Kerala Porota
ocr tok=Flavour rice
ocr tok=Vada & Sambar
ocr tok=Soop Halwa (as dessert)
ocr tok=NIRVANAM ARIAKE
ocr tok=有明店
ocr tok=メティチキンカレー
ocr tok=レモンチキン
ocr tok=マトンカレー
ocr tok=ペシタベルハイドラバディ
ocr tok=グリ
ocr tok=ングマサラ
ocr tok=バーターナン
ocr tok=ライス/ワダ&サン/Ub
ocr tok=ダリヤバヤサム(デザート)
ocr tok=Methi Chicken Curry
ocr tok=Lemon Chicken
ocr tok=Vegetable Hyderabad
ocr tok=Green Moong Masala
ocr tok=Mutton Curry
ocr tok=Butter Naan
ocr tok=Flavoured
ocr tok=cated by
ocr tok=rice
ocr tok=Vada & Sambar
ocr tok=Daliya Payasam(as dessert)
ocr tok=green text
Reading menu text...done
menu is
- /&/Ub
- Methi Chicken Curry
- Lemon Chicken
- Vegetable Hyderabad
- Green Moong Masala
- Mutton Curry
- Butter Naan
- Flavoured
- cated by
- rice
- Vada & Sambar
- Daliya Payasam(as dessert)
- green text
